<?xml version="1.0" encoding="UTF-8"?>
<!-- Generated by org.testng.reporters.JUnitXMLReporter -->
<testsuite hostname="shreyasaxena" ignored="6" name="Test" tests="20" failures="0" timestamp="05 Jul 2021 15:10:47 GMT" time="223.05" errors="0">
  <testcase name="CheckUIforSeatSelection" time="13.032" classname="tests.BusSeatTest"/>
  <testcase name="ClickOnHideSeat" time="12.324" classname="tests.BusSeatTest"/>
  <testcase name="ClickOnViewSeat" time="9.077" classname="tests.BusSeatTest"/>
  <testcase name="ClickOnBusHire" time="2.45" classname="tests.NavbarTest"/>
  <testcase name="ClickOnBusTickets" time="2.55" classname="tests.NavbarTest"/>
  <testcase name="ClickOnLogo" time="0.689" classname="tests.NavbarTest"/>
  <testcase name="ClickOnRPool" time="1.476" classname="tests.NavbarTest"/>
  <testcase name="clickOnCancelTicket" time="7.436" classname="tests.NavbarTest"/>
  <testcase name="ClickOnDonateAnonymously" time="1.476" classname="tests.RebBusCareTest"/>
  <testcase name="ClickOnDonateInvalid" time="1.582" classname="tests.RebBusCareTest"/>
  <testcase name="ClickOnRedbusCare" time="2.064" classname="tests.RebBusCareTest"/>
  <testcase name="DonateAmount" time="1.934" classname="tests.RebBusCareTest"/>
  <testcase name="clickOn200Amount" time="1.639" classname="tests.RebBusCareTest"/>
  <testcase name="SearchBusses" time="8.693" classname="tests.SearchTest"/>
  <testcase name="SearchBusseswithInvalidDate" time="7.03" classname="tests.SearchTest"/>
  <testcase name="SearchBusseswithInvalidDestination" time="7.316" classname="tests.SearchTest"/>
  <testcase name="SearchBusseswithInvalidSourceLocation" time="7.094" classname="tests.SearchTest"/>
  <testcase name="SearchModifyByDate" time="8.968" classname="tests.SearchTest"/>
  <testcase name="SearchModifyByLocation" time="15.897" classname="tests.SearchTest"/>
  <testcase name="SearchModifyBySwipingLocation" time="14.21" classname="tests.SearchTest"/>
  <testcase name="@BeforeSuite setExtent" time="0.0" classname="tests.BaseTest">
    <ignored/>
  </testcase> <!-- @BeforeSuite setExtent -->
  <testcase name="@BeforeSuite setExtent" time="0.0" classname="tests.BaseTest">
    <ignored/>
  </testcase> <!-- @BeforeSuite setExtent -->
  <testcase name="@BeforeSuite setExtent" time="0.0" classname="tests.BaseTest">
    <ignored/>
  </testcase> <!-- @BeforeSuite setExtent -->
  <testcase name="@AfterSuite endExtent" time="0.0" classname="tests.BaseTest">
    <ignored/>
  </testcase> <!-- @AfterSuite endExtent -->
  <testcase name="@AfterSuite endExtent" time="0.0" classname="tests.BaseTest">
    <ignored/>
  </testcase> <!-- @AfterSuite endExtent -->
  <testcase name="@AfterSuite endExtent" time="0.0" classname="tests.BaseTest">
    <ignored/>
  </testcase> <!-- @AfterSuite endExtent -->
</testsuite> <!-- Test -->
