<?xml version="1.0" encoding="UTF-8"?>
<testsuite xmlns:xsi="http://www.w3.org/2001/XMLSchema-instance" xsi:noNamespaceSchemaLocation="https://maven.apache.org/surefire/maven-surefire-plugin/xsd/surefire-test-report-3.0.xsd" version="3.0" name="TestSuite" time="226.013" tests="20" errors="0" skipped="0" failures="0">
  <properties>
[...]
</properties>
  <testcase name="CheckUIforSeatSelection" classname="tests.BusSeatTest" time="13.017">
    <system-out><![CDATA[[TestNGContentHandler] [WARN] It is strongly recommended to add "<!DOCTYPE suite SYSTEM "http://testng.org/testng-1.0.dtd" >" at the top of your file, otherwise TestNG may fail or not work as expected.
 07-05-2021 20:37:04  BaseTest.java INFO  [main] tests.BaseTest 
{ 65 - ================= Setting Driver ================= }
 07-05-2021 20:37:04  BaseTest.java INFO  [main] tests.BaseTest 
{ 74 - Running without Doker with Headless mode: true	Browser Type: chrome }
 07-05-2021 20:37:06  BaseTest.java INFO  [main] tests.BaseTest 
{ 80 - == opening url }
 07-05-2021 20:37:10  BusSeatTest.java INFO  [main] tests.BaseTest 
{ 121 - ----- Valid scenario : Check whether seat selection canvas is present or not }
 07-05-2021 20:37:13  CommonFunctions.java INFO  [main] Utils.CommonFunctions 
{ 48 - Bus Ticket Link was clicked! }
 07-05-2021 20:37:16  CommonFunctions.java INFO  [main] Utils.CommonFunctions 
{ 52 - From Location was entered }
 07-05-2021 20:37:18  CommonFunctions.java INFO  [main] Utils.CommonFunctions 
{ 56 - To Location was entered }
 07-05-2021 20:37:18  CommonFunctions.java INFO  [main] Utils.CommonFunctions 
{ 60 - Date is selected }
 07-05-2021 20:37:22  CommonFunctions.java INFO  [main] Utils.CommonFunctions 
{ 64 - Search Button is clicked }
 07-05-2021 20:37:22  BusSeatTest.java INFO  [main] tests.BaseTest 
{ 140 - User is on search page }
 07-05-2021 20:37:22  BusSeatTest.java INFO  [main] tests.BaseTest 
{ 147 - User clicked on ViewSeat Button }
 07-05-2021 20:37:23  BusSeatTest.java INFO  [main] tests.BaseTest 
{ 152 - Assertion Successful Canvas is Present }
 07-05-2021 20:37:23  BusSeatTest.java INFO  [main] tests.BaseTest 
{ 155 - ----- Successfully completed Valid scenario : Check whether seat selection canvas is present or not }
]]></system-out>
    <system-err><![CDATA[Starting ChromeDriver 91.0.4472.101 (af52a90bf87030dd1523486a1cd3ae25c5d76c9b-refs/branch-heads/4472@{#1462}) on port 27453
Only local connections are allowed.
Please see https://chromedriver.chromium.org/security-considerations for suggestions on keeping ChromeDriver safe.
ChromeDriver was started successfully.
Jul 05, 2021 8:37:06 PM org.openqa.selenium.remote.ProtocolHandshake createSession
INFO: Detected dialect: W3C
]]></system-err>
  </testcase>
  <testcase name="ClickOnHideSeat" classname="tests.BusSeatTest" time="12.316">
    <system-out><![CDATA[ 07-05-2021 20:37:23  BaseTest.java INFO  [main] tests.BaseTest 
{ 109 - ================= Closing Driver ================= }
 07-05-2021 20:37:23  BaseTest.java INFO  [main] tests.BaseTest 
{ 118 - == closed! }
 07-05-2021 20:37:23  BaseTest.java INFO  [main] tests.BaseTest 
{ 65 - ================= Setting Driver ================= }
 07-05-2021 20:37:23  BaseTest.java INFO  [main] tests.BaseTest 
{ 74 - Running without Doker with Headless mode: true	Browser Type: chrome }
 07-05-2021 20:37:25  BaseTest.java INFO  [main] tests.BaseTest 
{ 80 - == opening url }
 07-05-2021 20:37:31  BusSeatTest.java INFO  [main] tests.BaseTest 
{ 74 - ----- Valid scenario : Check the functionality of HideSeat Button }
 07-05-2021 20:37:34  CommonFunctions.java INFO  [main] Utils.CommonFunctions 
{ 48 - Bus Ticket Link was clicked! }
 07-05-2021 20:37:37  CommonFunctions.java INFO  [main] Utils.CommonFunctions 
{ 52 - From Location was entered }
 07-05-2021 20:37:39  CommonFunctions.java INFO  [main] Utils.CommonFunctions 
{ 56 - To Location was entered }
 07-05-2021 20:37:39  CommonFunctions.java INFO  [main] Utils.CommonFunctions 
{ 60 - Date is selected }
 07-05-2021 20:37:42  CommonFunctions.java INFO  [main] Utils.CommonFunctions 
{ 64 - Search Button is clicked }
 07-05-2021 20:37:42  BusSeatTest.java INFO  [main] tests.BaseTest 
{ 94 - User is on search page }
 07-05-2021 20:37:43  BusSeatTest.java INFO  [main] tests.BaseTest 
{ 101 - User clicked on ViewSeat Button }
 07-05-2021 20:37:43  BusSeatTest.java INFO  [main] tests.BaseTest 
{ 105 - User clicked on HideSeat Button }
 07-05-2021 20:37:43  BusSeatTest.java INFO  [main] tests.BaseTest 
{ 111 - Assertion Successful }
 07-05-2021 20:37:43  BusSeatTest.java INFO  [main] tests.BaseTest 
{ 114 - ----- Successfully completed Valid scenario : Check the functionality of HideSeat Button }
]]></system-out>
    <system-err><![CDATA[Starting ChromeDriver 91.0.4472.101 (af52a90bf87030dd1523486a1cd3ae25c5d76c9b-refs/branch-heads/4472@{#1462}) on port 48623
Only local connections are allowed.
Please see https://chromedriver.chromium.org/security-considerations for suggestions on keeping ChromeDriver safe.
ChromeDriver was started successfully.
Jul 05, 2021 8:37:25 PM org.openqa.selenium.remote.ProtocolHandshake createSession
INFO: Detected dialect: W3C
]]></system-err>
  </testcase>
  <testcase name="ClickOnViewSeat" classname="tests.BusSeatTest" time="9.074">
    <system-out><![CDATA[ 07-05-2021 20:37:43  BaseTest.java INFO  [main] tests.BaseTest 
{ 109 - ================= Closing Driver ================= }
 07-05-2021 20:37:44  BaseTest.java INFO  [main] tests.BaseTest 
{ 118 - == closed! }
 07-05-2021 20:37:44  BaseTest.java INFO  [main] tests.BaseTest 
{ 65 - ================= Setting Driver ================= }
 07-05-2021 20:37:44  BaseTest.java INFO  [main] tests.BaseTest 
{ 74 - Running without Doker with Headless mode: true	Browser Type: chrome }
 07-05-2021 20:37:45  BaseTest.java INFO  [main] tests.BaseTest 
{ 80 - == opening url }
 07-05-2021 20:37:49  BusSeatTest.java INFO  [main] tests.BaseTest 
{ 31 - ----- Valid scenario : Check the functionality of ViewSeat Button }
 07-05-2021 20:37:51  CommonFunctions.java INFO  [main] Utils.CommonFunctions 
{ 48 - Bus Ticket Link was clicked! }
 07-05-2021 20:37:53  CommonFunctions.java INFO  [main] Utils.CommonFunctions 
{ 52 - From Location was entered }
 07-05-2021 20:37:56  CommonFunctions.java INFO  [main] Utils.CommonFunctions 
{ 56 - To Location was entered }
 07-05-2021 20:37:56  CommonFunctions.java INFO  [main] Utils.CommonFunctions 
{ 60 - Date is selected }
 07-05-2021 20:37:57  CommonFunctions.java INFO  [main] Utils.CommonFunctions 
{ 64 - Search Button is clicked }
 07-05-2021 20:37:57  BusSeatTest.java INFO  [main] tests.BaseTest 
{ 51 - User is on search page }
 07-05-2021 20:37:57  BusSeatTest.java INFO  [main] tests.BaseTest 
{ 58 - User clicked on ViewSeat Button }
 07-05-2021 20:37:58  BusSeatTest.java INFO  [main] tests.BaseTest 
{ 64 - Assertion Successful }
 07-05-2021 20:37:58  BusSeatTest.java INFO  [main] tests.BaseTest 
{ 67 - ----- Successfully completed Valid scenario : Check the functionality of ViewSeat Button }
]]></system-out>
    <system-err><![CDATA[Starting ChromeDriver 91.0.4472.101 (af52a90bf87030dd1523486a1cd3ae25c5d76c9b-refs/branch-heads/4472@{#1462}) on port 31122
Only local connections are allowed.
Please see https://chromedriver.chromium.org/security-considerations for suggestions on keeping ChromeDriver safe.
ChromeDriver was started successfully.
Jul 05, 2021 8:37:45 PM org.openqa.selenium.remote.ProtocolHandshake createSession
INFO: Detected dialect: W3C
]]></system-err>
  </testcase>
  <testcase name="ClickOnBusHire" classname="tests.NavbarTest" time="2.442">
    <system-out><![CDATA[ 07-05-2021 20:37:58  BaseTest.java INFO  [main] tests.BaseTest 
{ 109 - ================= Closing Driver ================= }
 07-05-2021 20:37:59  BaseTest.java INFO  [main] tests.BaseTest 
{ 118 - == closed! }
 07-05-2021 20:37:59  BaseTest.java INFO  [main] tests.BaseTest 
{ 65 - ================= Setting Driver ================= }
 07-05-2021 20:37:59  BaseTest.java INFO  [main] tests.BaseTest 
{ 74 - Running without Doker with Headless mode: true	Browser Type: chrome }
 07-05-2021 20:38:00  BaseTest.java INFO  [main] tests.BaseTest 
{ 80 - == opening url }
 07-05-2021 20:38:02  NavbarTest.java INFO  [main] tests.BaseTest 
{ 99 - Valid Scenario : Click on Bus Hire Link }
 07-05-2021 20:38:04  NavbarTest.java INFO  [main] tests.BaseTest 
{ 116 - Bus Hire Link was clicked }
 07-05-2021 20:38:04  NavbarTest.java INFO  [main] tests.BaseTest 
{ 122 - User is on Bus Hire page }
]]></system-out>
    <system-err><![CDATA[Starting ChromeDriver 91.0.4472.101 (af52a90bf87030dd1523486a1cd3ae25c5d76c9b-refs/branch-heads/4472@{#1462}) on port 1894
Only local connections are allowed.
Please see https://chromedriver.chromium.org/security-considerations for suggestions on keeping ChromeDriver safe.
ChromeDriver was started successfully.
Jul 05, 2021 8:38:00 PM org.openqa.selenium.remote.ProtocolHandshake createSession
INFO: Detected dialect: W3C
]]></system-err>
  </testcase>
  <testcase name="ClickOnBusTickets" classname="tests.NavbarTest" time="2.544">
    <system-out><![CDATA[ 07-05-2021 20:38:04  BaseTest.java INFO  [main] tests.BaseTest 
{ 109 - ================= Closing Driver ================= }
 07-05-2021 20:38:05  BaseTest.java INFO  [main] tests.BaseTest 
{ 118 - == closed! }
 07-05-2021 20:38:05  BaseTest.java INFO  [main] tests.BaseTest 
{ 65 - ================= Setting Driver ================= }
 07-05-2021 20:38:05  BaseTest.java INFO  [main] tests.BaseTest 
{ 74 - Running without Doker with Headless mode: true	Browser Type: chrome }
 07-05-2021 20:38:06  BaseTest.java INFO  [main] tests.BaseTest 
{ 80 - == opening url }
 07-05-2021 20:38:07  NavbarTest.java INFO  [main] tests.BaseTest 
{ 67 - Valid Scenario : Click on Bus Tickets Link }
 07-05-2021 20:38:10  NavbarTest.java INFO  [main] tests.BaseTest 
{ 84 - Bus Tickets Link was clicked }
 07-05-2021 20:38:10  NavbarTest.java INFO  [main] tests.BaseTest 
{ 90 - User is on Bus Tickets page }
]]></system-out>
    <system-err><![CDATA[Starting ChromeDriver 91.0.4472.101 (af52a90bf87030dd1523486a1cd3ae25c5d76c9b-refs/branch-heads/4472@{#1462}) on port 31240
Only local connections are allowed.
Please see https://chromedriver.chromium.org/security-considerations for suggestions on keeping ChromeDriver safe.
ChromeDriver was started successfully.
Jul 05, 2021 8:38:06 PM org.openqa.selenium.remote.ProtocolHandshake createSession
INFO: Detected dialect: W3C
]]></system-err>
  </testcase>
  <testcase name="ClickOnLogo" classname="tests.NavbarTest" time="0.649">
    <system-out><![CDATA[ 07-05-2021 20:38:10  BaseTest.java INFO  [main] tests.BaseTest 
{ 109 - ================= Closing Driver ================= }
 07-05-2021 20:38:11  BaseTest.java INFO  [main] tests.BaseTest 
{ 118 - == closed! }
 07-05-2021 20:38:11  BaseTest.java INFO  [main] tests.BaseTest 
{ 65 - ================= Setting Driver ================= }
 07-05-2021 20:38:11  BaseTest.java INFO  [main] tests.BaseTest 
{ 74 - Running without Doker with Headless mode: true	Browser Type: chrome }
 07-05-2021 20:38:12  BaseTest.java INFO  [main] tests.BaseTest 
{ 80 - == opening url }
 07-05-2021 20:38:14  NavbarTest.java INFO  [main] tests.BaseTest 
{ 35 - Valid Scenario : Click on Red Bus Logo }
 07-05-2021 20:38:14  NavbarTest.java INFO  [main] tests.BaseTest 
{ 52 - RedBusLogo was clicked }
 07-05-2021 20:38:15  NavbarTest.java INFO  [main] tests.BaseTest 
{ 58 - User is on Home page }
]]></system-out>
    <system-err><![CDATA[Starting ChromeDriver 91.0.4472.101 (af52a90bf87030dd1523486a1cd3ae25c5d76c9b-refs/branch-heads/4472@{#1462}) on port 31594
Only local connections are allowed.
Please see https://chromedriver.chromium.org/security-considerations for suggestions on keeping ChromeDriver safe.
ChromeDriver was started successfully.
Jul 05, 2021 8:38:12 PM org.openqa.selenium.remote.ProtocolHandshake createSession
INFO: Detected dialect: W3C
]]></system-err>
  </testcase>
  <testcase name="ClickOnRPool" classname="tests.NavbarTest" time="1.468">
    <system-out><![CDATA[ 07-05-2021 20:38:15  BaseTest.java INFO  [main] tests.BaseTest 
{ 109 - ================= Closing Driver ================= }
 07-05-2021 20:38:15  BaseTest.java INFO  [main] tests.BaseTest 
{ 118 - == closed! }
 07-05-2021 20:38:15  BaseTest.java INFO  [main] tests.BaseTest 
{ 65 - ================= Setting Driver ================= }
 07-05-2021 20:38:15  BaseTest.java INFO  [main] tests.BaseTest 
{ 74 - Running without Doker with Headless mode: true	Browser Type: chrome }
 07-05-2021 20:38:16  BaseTest.java INFO  [main] tests.BaseTest 
{ 80 - == opening url }
 07-05-2021 20:38:20  NavbarTest.java INFO  [main] tests.BaseTest 
{ 131 - Valid Scenario : Click on rPool Link }
 07-05-2021 20:38:22  NavbarTest.java INFO  [main] tests.BaseTest 
{ 148 - rPool Link was clicked }
 07-05-2021 20:38:22  NavbarTest.java INFO  [main] tests.BaseTest 
{ 154 - User is on rPool page }
]]></system-out>
    <system-err><![CDATA[Starting ChromeDriver 91.0.4472.101 (af52a90bf87030dd1523486a1cd3ae25c5d76c9b-refs/branch-heads/4472@{#1462}) on port 3619
Only local connections are allowed.
Please see https://chromedriver.chromium.org/security-considerations for suggestions on keeping ChromeDriver safe.
ChromeDriver was started successfully.
Jul 05, 2021 8:38:16 PM org.openqa.selenium.remote.ProtocolHandshake createSession
INFO: Detected dialect: W3C
]]></system-err>
  </testcase>
  <testcase name="clickOnCancelTicket" classname="tests.NavbarTest" time="7.433">
    <system-out><![CDATA[ 07-05-2021 20:38:22  BaseTest.java INFO  [main] tests.BaseTest 
{ 109 - ================= Closing Driver ================= }
 07-05-2021 20:38:23  BaseTest.java INFO  [main] tests.BaseTest 
{ 118 - == closed! }
 07-05-2021 20:38:23  BaseTest.java INFO  [main] tests.BaseTest 
{ 65 - ================= Setting Driver ================= }
 07-05-2021 20:38:23  BaseTest.java INFO  [main] tests.BaseTest 
{ 74 - Running without Doker with Headless mode: true	Browser Type: chrome }
 07-05-2021 20:38:24  BaseTest.java INFO  [main] tests.BaseTest 
{ 80 - == opening url }
 07-05-2021 20:38:29  NavbarTest.java INFO  [main] tests.BaseTest 
{ 163 - Valid Scenario : Click on Cancel Ticket Link }
 07-05-2021 20:38:35  NavbarTest.java INFO  [main] tests.BaseTest 
{ 180 - Bus Tickets Link was clicked }
 07-05-2021 20:38:37  NavbarTest.java INFO  [main] tests.BaseTest 
{ 184 - Cancel Ticket Link was clicked }
 07-05-2021 20:38:37  NavbarTest.java INFO  [main] tests.BaseTest 
{ 190 - User is on Cancel Ticket page }
]]></system-out>
    <system-err><![CDATA[Starting ChromeDriver 91.0.4472.101 (af52a90bf87030dd1523486a1cd3ae25c5d76c9b-refs/branch-heads/4472@{#1462}) on port 10518
Only local connections are allowed.
Please see https://chromedriver.chromium.org/security-considerations for suggestions on keeping ChromeDriver safe.
ChromeDriver was started successfully.
Jul 05, 2021 8:38:24 PM org.openqa.selenium.remote.ProtocolHandshake createSession
INFO: Detected dialect: W3C
]]></system-err>
  </testcase>
  <testcase name="ClickOnDonateAnonymously" classname="tests.RebBusCareTest" time="1.475">
    <system-out><![CDATA[ 07-05-2021 20:38:37  BaseTest.java INFO  [main] tests.BaseTest 
{ 109 - ================= Closing Driver ================= }
 07-05-2021 20:38:37  BaseTest.java INFO  [main] tests.BaseTest 
{ 118 - == closed! }
 07-05-2021 20:38:37  BaseTest.java INFO  [main] tests.BaseTest 
{ 65 - ================= Setting Driver ================= }
 07-05-2021 20:38:37  BaseTest.java INFO  [main] tests.BaseTest 
{ 74 - Running without Doker with Headless mode: true	Browser Type: chrome }
 07-05-2021 20:38:38  BaseTest.java INFO  [main] tests.BaseTest 
{ 80 - == opening url }
 07-05-2021 20:38:46  RebBusCareTest.java INFO  [main] tests.BaseTest 
{ 124 - ----- Valid scenario : Click on Donate Anonymously button and check Functionality }
 07-05-2021 20:38:46  RebBusCareTest.java INFO  [main] tests.BaseTest 
{ 141 - Clicked on Red Bus Care Card Link }
 07-05-2021 20:38:47  RebBusCareTest.java INFO  [main] tests.BaseTest 
{ 153 - User is on Red Bus Care Page }
 07-05-2021 20:38:47  RebBusCareTest.java INFO  [main] tests.BaseTest 
{ 157 - Clicked on Donate Anonymously Button }
 07-05-2021 20:38:47  RebBusCareTest.java INFO  [main] tests.BaseTest 
{ 162 - Click on Donate Anonymously Button is working. }
 07-05-2021 20:38:47  RebBusCareTest.java INFO  [main] tests.BaseTest 
{ 165 - ----- Successfully completed Valid scenario : Click on Donate Anonymously button and check Functionality }
]]></system-out>
    <system-err><![CDATA[Starting ChromeDriver 91.0.4472.101 (af52a90bf87030dd1523486a1cd3ae25c5d76c9b-refs/branch-heads/4472@{#1462}) on port 12860
Only local connections are allowed.
Please see https://chromedriver.chromium.org/security-considerations for suggestions on keeping ChromeDriver safe.
ChromeDriver was started successfully.
Jul 05, 2021 8:38:38 PM org.openqa.selenium.remote.ProtocolHandshake createSession
INFO: Detected dialect: W3C
]]></system-err>
  </testcase>
  <testcase name="ClickOnDonateInvalid" classname="tests.RebBusCareTest" time="1.575">
    <system-out><![CDATA[ 07-05-2021 20:38:47  BaseTest.java INFO  [main] tests.BaseTest 
{ 109 - ================= Closing Driver ================= }
 07-05-2021 20:38:48  BaseTest.java INFO  [main] tests.BaseTest 
{ 118 - == closed! }
 07-05-2021 20:38:48  BaseTest.java INFO  [main] tests.BaseTest 
{ 65 - ================= Setting Driver ================= }
 07-05-2021 20:38:48  BaseTest.java INFO  [main] tests.BaseTest 
{ 74 - Running without Doker with Headless mode: true	Browser Type: chrome }
 07-05-2021 20:38:49  BaseTest.java INFO  [main] tests.BaseTest 
{ 80 - == opening url }
 07-05-2021 20:38:52  RebBusCareTest.java INFO  [main] tests.BaseTest 
{ 232 - ----- In-Valid scenario : Clicking on Donate button without entering amount }
 07-05-2021 20:38:52  RebBusCareTest.java INFO  [main] tests.BaseTest 
{ 250 - Clicked on Red Bus Care Card Link }
 07-05-2021 20:38:53  RebBusCareTest.java INFO  [main] tests.BaseTest 
{ 262 - User is on Red Bus Care Page }
 07-05-2021 20:38:54  RebBusCareTest.java INFO  [main] tests.BaseTest 
{ 266 - Clicked on Donate Anonymously Button }
 07-05-2021 20:38:54  RebBusCareTest.java INFO  [main] tests.BaseTest 
{ 270 - Clicked on Donate Button }
 07-05-2021 20:38:54  RebBusCareTest.java INFO  [main] tests.BaseTest 
{ 278 - Click on 200 Amount Button is working. }
 07-05-2021 20:38:54  RebBusCareTest.java INFO  [main] tests.BaseTest 
{ 283 - ----- Successfully completed In-Valid scenario : Clicking on Donate button without entering amount }
]]></system-out>
    <system-err><![CDATA[Starting ChromeDriver 91.0.4472.101 (af52a90bf87030dd1523486a1cd3ae25c5d76c9b-refs/branch-heads/4472@{#1462}) on port 26458
Only local connections are allowed.
Please see https://chromedriver.chromium.org/security-considerations for suggestions on keeping ChromeDriver safe.
ChromeDriver was started successfully.
Jul 05, 2021 8:38:49 PM org.openqa.selenium.remote.ProtocolHandshake createSession
INFO: Detected dialect: W3C
]]></system-err>
  </testcase>
  <testcase name="ClickOnRedbusCare" classname="tests.RebBusCareTest" time="2.063">
    <system-out><![CDATA[ 07-05-2021 20:38:54  BaseTest.java INFO  [main] tests.BaseTest 
{ 109 - ================= Closing Driver ================= }
 07-05-2021 20:38:54  BaseTest.java INFO  [main] tests.BaseTest 
{ 118 - == closed! }
 07-05-2021 20:38:54  BaseTest.java INFO  [main] tests.BaseTest 
{ 65 - ================= Setting Driver ================= }
 07-05-2021 20:38:54  BaseTest.java INFO  [main] tests.BaseTest 
{ 74 - Running without Doker with Headless mode: true	Browser Type: chrome }
 07-05-2021 20:38:55  BaseTest.java INFO  [main] tests.BaseTest 
{ 80 - == opening url }
 07-05-2021 20:38:59  RebBusCareTest.java INFO  [main] tests.BaseTest 
{ 36 - ----- Valid scenario : Click on Red Bus Care Link on Home page }
 07-05-2021 20:38:59  RebBusCareTest.java INFO  [main] tests.BaseTest 
{ 53 - Clicked on Red Bus Care Card Link }
 07-05-2021 20:39:01  RebBusCareTest.java INFO  [main] tests.BaseTest 
{ 64 - User is on Red Bus Care Page }
 07-05-2021 20:39:01  RebBusCareTest.java INFO  [main] tests.BaseTest 
{ 67 - ----- Successfully completed Valid scenario : Click on Red Bus Care Link on Home page }
]]></system-out>
    <system-err><![CDATA[Starting ChromeDriver 91.0.4472.101 (af52a90bf87030dd1523486a1cd3ae25c5d76c9b-refs/branch-heads/4472@{#1462}) on port 13052
Only local connections are allowed.
Please see https://chromedriver.chromium.org/security-considerations for suggestions on keeping ChromeDriver safe.
ChromeDriver was started successfully.
Jul 05, 2021 8:38:55 PM org.openqa.selenium.remote.ProtocolHandshake createSession
INFO: Detected dialect: W3C
]]></system-err>
  </testcase>
  <testcase name="DonateAmount" classname="tests.RebBusCareTest" time="1.933">
    <system-out><![CDATA[ 07-05-2021 20:39:01  BaseTest.java INFO  [main] tests.BaseTest 
{ 109 - ================= Closing Driver ================= }
 07-05-2021 20:39:02  BaseTest.java INFO  [main] tests.BaseTest 
{ 118 - == closed! }
 07-05-2021 20:39:02  BaseTest.java INFO  [main] tests.BaseTest 
{ 65 - ================= Setting Driver ================= }
 07-05-2021 20:39:02  BaseTest.java INFO  [main] tests.BaseTest 
{ 74 - Running without Doker with Headless mode: true	Browser Type: chrome }
 07-05-2021 20:39:03  BaseTest.java INFO  [main] tests.BaseTest 
{ 80 - == opening url }
 07-05-2021 20:39:04  RebBusCareTest.java INFO  [main] tests.BaseTest 
{ 172 - ----- Valid scenario : Enter Amount and click on Donate }
 07-05-2021 20:39:04  RebBusCareTest.java INFO  [main] tests.BaseTest 
{ 191 - Clicked on Red Bus Care Card Link }
 07-05-2021 20:39:06  RebBusCareTest.java INFO  [main] tests.BaseTest 
{ 203 - User is on Red Bus Care Page }
 07-05-2021 20:39:06  RebBusCareTest.java INFO  [main] tests.BaseTest 
{ 207 - Amount was entered }
 07-05-2021 20:39:06  RebBusCareTest.java INFO  [main] tests.BaseTest 
{ 211 - Clicked on Donate Anonymously Button }
 07-05-2021 20:39:06  RebBusCareTest.java INFO  [main] tests.BaseTest 
{ 215 - Clicked on Donate Button }
 07-05-2021 20:39:06  RebBusCareTest.java INFO  [main] tests.BaseTest 
{ 221 - Click on 200 Amount Button is working. }
 07-05-2021 20:39:06  RebBusCareTest.java INFO  [main] tests.BaseTest 
{ 224 - ----- Successfully completed Valid scenario : Enter Amount and click on Donate }
]]></system-out>
    <system-err><![CDATA[Starting ChromeDriver 91.0.4472.101 (af52a90bf87030dd1523486a1cd3ae25c5d76c9b-refs/branch-heads/4472@{#1462}) on port 3489
Only local connections are allowed.
Please see https://chromedriver.chromium.org/security-considerations for suggestions on keeping ChromeDriver safe.
ChromeDriver was started successfully.
Jul 05, 2021 8:39:03 PM org.openqa.selenium.remote.ProtocolHandshake createSession
INFO: Detected dialect: W3C
]]></system-err>
  </testcase>
  <testcase name="clickOn200Amount" classname="tests.RebBusCareTest" time="1.637">
    <system-out><![CDATA[ 07-05-2021 20:39:06  BaseTest.java INFO  [main] tests.BaseTest 
{ 109 - ================= Closing Driver ================= }
 07-05-2021 20:39:07  BaseTest.java INFO  [main] tests.BaseTest 
{ 118 - == closed! }
 07-05-2021 20:39:07  BaseTest.java INFO  [main] tests.BaseTest 
{ 65 - ================= Setting Driver ================= }
 07-05-2021 20:39:07  BaseTest.java INFO  [main] tests.BaseTest 
{ 74 - Running without Doker with Headless mode: true	Browser Type: chrome }
 07-05-2021 20:39:08  BaseTest.java INFO  [main] tests.BaseTest 
{ 80 - == opening url }
 07-05-2021 20:39:11  RebBusCareTest.java INFO  [main] tests.BaseTest 
{ 74 - ----- Valid scenario : Click on 2000 Amount button and check Functionality }
 07-05-2021 20:39:11  RebBusCareTest.java INFO  [main] tests.BaseTest 
{ 92 - Clicked on Red Bus Care Card Link }
 07-05-2021 20:39:12  RebBusCareTest.java INFO  [main] tests.BaseTest 
{ 104 - User is on Red Bus Care Page }
 07-05-2021 20:39:12  RebBusCareTest.java INFO  [main] tests.BaseTest 
{ 108 - Clicked on Red Bus Care Card Link }
 07-05-2021 20:39:12  RebBusCareTest.java INFO  [main] tests.BaseTest 
{ 114 - Click on 2000 Amount Button is working. }
 07-05-2021 20:39:12  RebBusCareTest.java INFO  [main] tests.BaseTest 
{ 117 - ----- Successfully completed Valid scenario : Click on 2000 Amount button and check Functionality }
]]></system-out>
    <system-err><![CDATA[Starting ChromeDriver 91.0.4472.101 (af52a90bf87030dd1523486a1cd3ae25c5d76c9b-refs/branch-heads/4472@{#1462}) on port 23005
Only local connections are allowed.
Please see https://chromedriver.chromium.org/security-considerations for suggestions on keeping ChromeDriver safe.
ChromeDriver was started successfully.
Jul 05, 2021 8:39:08 PM org.openqa.selenium.remote.ProtocolHandshake createSession
INFO: Detected dialect: W3C
]]></system-err>
  </testcase>
  <testcase name="SearchBusses" classname="tests.SearchTest" time="8.69">
    <system-out><![CDATA[ 07-05-2021 20:39:12  BaseTest.java INFO  [main] tests.BaseTest 
{ 109 - ================= Closing Driver ================= }
 07-05-2021 20:39:13  BaseTest.java INFO  [main] tests.BaseTest 
{ 118 - == closed! }
 07-05-2021 20:39:13  BaseTest.java INFO  [main] tests.BaseTest 
{ 65 - ================= Setting Driver ================= }
 07-05-2021 20:39:13  BaseTest.java INFO  [main] tests.BaseTest 
{ 74 - Running without Doker with Headless mode: true	Browser Type: chrome }
 07-05-2021 20:39:14  BaseTest.java INFO  [main] tests.BaseTest 
{ 80 - == opening url }
 07-05-2021 20:39:15  SearchTest.java INFO  [main] tests.BaseTest 
{ 35 - ----- Valid scenario : Search Busses }
 07-05-2021 20:39:18  CommonFunctions.java INFO  [main] Utils.CommonFunctions 
{ 48 - Bus Ticket Link was clicked! }
 07-05-2021 20:39:20  CommonFunctions.java INFO  [main] Utils.CommonFunctions 
{ 52 - From Location was entered }
 07-05-2021 20:39:22  CommonFunctions.java INFO  [main] Utils.CommonFunctions 
{ 56 - To Location was entered }
 07-05-2021 20:39:22  CommonFunctions.java INFO  [main] Utils.CommonFunctions 
{ 60 - Date is selected }
 07-05-2021 20:39:24  CommonFunctions.java INFO  [main] Utils.CommonFunctions 
{ 64 - Search Button is clicked }
 07-05-2021 20:39:24  SearchTest.java INFO  [main] tests.BaseTest 
{ 57 - User is on search page }
 07-05-2021 20:39:24  SearchTest.java INFO  [main] tests.BaseTest 
{ 60 - ----- Successfully completed Valid scenario : Search Busses }
]]></system-out>
    <system-err><![CDATA[Starting ChromeDriver 91.0.4472.101 (af52a90bf87030dd1523486a1cd3ae25c5d76c9b-refs/branch-heads/4472@{#1462}) on port 28125
Only local connections are allowed.
Please see https://chromedriver.chromium.org/security-considerations for suggestions on keeping ChromeDriver safe.
ChromeDriver was started successfully.
Jul 05, 2021 8:39:14 PM org.openqa.selenium.remote.ProtocolHandshake createSession
INFO: Detected dialect: W3C
]]></system-err>
  </testcase>
  <testcase name="SearchBusseswithInvalidDate" classname="tests.SearchTest" time="7.026">
    <system-out><![CDATA[ 07-05-2021 20:39:24  BaseTest.java INFO  [main] tests.BaseTest 
{ 109 - ================= Closing Driver ================= }
 07-05-2021 20:39:25  BaseTest.java INFO  [main] tests.BaseTest 
{ 118 - == closed! }
 07-05-2021 20:39:25  BaseTest.java INFO  [main] tests.BaseTest 
{ 65 - ================= Setting Driver ================= }
 07-05-2021 20:39:25  BaseTest.java INFO  [main] tests.BaseTest 
{ 74 - Running without Doker with Headless mode: true	Browser Type: chrome }
 07-05-2021 20:39:26  BaseTest.java INFO  [main] tests.BaseTest 
{ 80 - == opening url }
 07-05-2021 20:39:29  SearchTest.java INFO  [main] tests.BaseTest 
{ 268 - ----- In-Valid scenario : Search Busses when date input is empty }
 07-05-2021 20:39:31  CommonFunctions.java INFO  [main] Utils.CommonFunctions 
{ 48 - Bus Ticket Link was clicked! }
 07-05-2021 20:39:34  CommonFunctions.java INFO  [main] Utils.CommonFunctions 
{ 52 - From Location was entered }
 07-05-2021 20:39:36  CommonFunctions.java INFO  [main] Utils.CommonFunctions 
{ 56 - To Location was entered }
 07-05-2021 20:39:36  CommonFunctions.java INFO  [main] Utils.CommonFunctions 
{ 60 - Date is selected }
 07-05-2021 20:39:36  CommonFunctions.java INFO  [main] Utils.CommonFunctions 
{ 64 - Search Button is clicked }
 07-05-2021 20:39:36  SearchTest.java INFO  [main] tests.BaseTest 
{ 290 - User is on search page }
 07-05-2021 20:39:36  SearchTest.java INFO  [main] tests.BaseTest 
{ 293 - ----- Successfully completed In-Valid scenario : Search Busses when date input is empty }
]]></system-out>
    <system-err><![CDATA[Starting ChromeDriver 91.0.4472.101 (af52a90bf87030dd1523486a1cd3ae25c5d76c9b-refs/branch-heads/4472@{#1462}) on port 28200
Only local connections are allowed.
Please see https://chromedriver.chromium.org/security-considerations for suggestions on keeping ChromeDriver safe.
ChromeDriver was started successfully.
Jul 05, 2021 8:39:26 PM org.openqa.selenium.remote.ProtocolHandshake createSession
INFO: Detected dialect: W3C
]]></system-err>
  </testcase>
  <testcase name="SearchBusseswithInvalidDestination" classname="tests.SearchTest" time="7.314">
    <system-out><![CDATA[ 07-05-2021 20:39:36  BaseTest.java INFO  [main] tests.BaseTest 
{ 109 - ================= Closing Driver ================= }
 07-05-2021 20:39:37  BaseTest.java INFO  [main] tests.BaseTest 
{ 118 - == closed! }
 07-05-2021 20:39:37  BaseTest.java INFO  [main] tests.BaseTest 
{ 65 - ================= Setting Driver ================= }
 07-05-2021 20:39:37  BaseTest.java INFO  [main] tests.BaseTest 
{ 74 - Running without Doker with Headless mode: true	Browser Type: chrome }
 07-05-2021 20:39:38  BaseTest.java INFO  [main] tests.BaseTest 
{ 80 - == opening url }
 07-05-2021 20:39:39  SearchTest.java INFO  [main] tests.BaseTest 
{ 204 - ----- In-Valid scenario : Search Busses when destination input is invalid }
 07-05-2021 20:39:42  CommonFunctions.java INFO  [main] Utils.CommonFunctions 
{ 48 - Bus Ticket Link was clicked! }
 07-05-2021 20:39:44  CommonFunctions.java INFO  [main] Utils.CommonFunctions 
{ 52 - From Location was entered }
 07-05-2021 20:39:46  CommonFunctions.java INFO  [main] Utils.CommonFunctions 
{ 56 - To Location was entered }
 07-05-2021 20:39:46  CommonFunctions.java INFO  [main] Utils.CommonFunctions 
{ 60 - Date is selected }
 07-05-2021 20:39:46  CommonFunctions.java INFO  [main] Utils.CommonFunctions 
{ 64 - Search Button is clicked }
 07-05-2021 20:39:46  SearchTest.java INFO  [main] tests.BaseTest 
{ 226 - User is on search page }
 07-05-2021 20:39:46  SearchTest.java INFO  [main] tests.BaseTest 
{ 229 - ----- Successfully completed In-Valid scenario : Search Busses when destination input is invalid }
]]></system-out>
    <system-err><![CDATA[Starting ChromeDriver 91.0.4472.101 (af52a90bf87030dd1523486a1cd3ae25c5d76c9b-refs/branch-heads/4472@{#1462}) on port 35711
Only local connections are allowed.
Please see https://chromedriver.chromium.org/security-considerations for suggestions on keeping ChromeDriver safe.
ChromeDriver was started successfully.
Jul 05, 2021 8:39:38 PM org.openqa.selenium.remote.ProtocolHandshake createSession
INFO: Detected dialect: W3C
]]></system-err>
  </testcase>
  <testcase name="SearchBusseswithInvalidSourceLocation" classname="tests.SearchTest" time="7.09">
    <system-out><![CDATA[ 07-05-2021 20:39:46  BaseTest.java INFO  [main] tests.BaseTest 
{ 109 - ================= Closing Driver ================= }
 07-05-2021 20:39:47  BaseTest.java INFO  [main] tests.BaseTest 
{ 118 - == closed! }
 07-05-2021 20:39:47  BaseTest.java INFO  [main] tests.BaseTest 
{ 65 - ================= Setting Driver ================= }
 07-05-2021 20:39:47  BaseTest.java INFO  [main] tests.BaseTest 
{ 74 - Running without Doker with Headless mode: true	Browser Type: chrome }
 07-05-2021 20:39:48  BaseTest.java INFO  [main] tests.BaseTest 
{ 80 - == opening url }
 07-05-2021 20:39:49  SearchTest.java INFO  [main] tests.BaseTest 
{ 236 - ----- In-Valid scenario : Search Busses when source location input is invalid }
 07-05-2021 20:39:51  CommonFunctions.java INFO  [main] Utils.CommonFunctions 
{ 48 - Bus Ticket Link was clicked! }
 07-05-2021 20:39:54  CommonFunctions.java INFO  [main] Utils.CommonFunctions 
{ 52 - From Location was entered }
 07-05-2021 20:39:56  CommonFunctions.java INFO  [main] Utils.CommonFunctions 
{ 56 - To Location was entered }
 07-05-2021 20:39:56  CommonFunctions.java INFO  [main] Utils.CommonFunctions 
{ 60 - Date is selected }
 07-05-2021 20:39:56  CommonFunctions.java INFO  [main] Utils.CommonFunctions 
{ 64 - Search Button is clicked }
 07-05-2021 20:39:56  SearchTest.java INFO  [main] tests.BaseTest 
{ 258 - User is on search page }
 07-05-2021 20:39:56  SearchTest.java INFO  [main] tests.BaseTest 
{ 261 - ----- Successfully completed In-Valid scenario : Search Busses when source location input is invalid }
]]></system-out>
    <system-err><![CDATA[Starting ChromeDriver 91.0.4472.101 (af52a90bf87030dd1523486a1cd3ae25c5d76c9b-refs/branch-heads/4472@{#1462}) on port 39375
Only local connections are allowed.
Please see https://chromedriver.chromium.org/security-considerations for suggestions on keeping ChromeDriver safe.
ChromeDriver was started successfully.
Jul 05, 2021 8:39:48 PM org.openqa.selenium.remote.ProtocolHandshake createSession
INFO: Detected dialect: W3C
]]></system-err>
  </testcase>
  <testcase name="SearchModifyByDate" classname="tests.SearchTest" time="8.965">
    <system-out><![CDATA[ 07-05-2021 20:39:56  BaseTest.java INFO  [main] tests.BaseTest 
{ 109 - ================= Closing Driver ================= }
 07-05-2021 20:39:57  BaseTest.java INFO  [main] tests.BaseTest 
{ 118 - == closed! }
 07-05-2021 20:39:57  BaseTest.java INFO  [main] tests.BaseTest 
{ 65 - ================= Setting Driver ================= }
 07-05-2021 20:39:57  BaseTest.java INFO  [main] tests.BaseTest 
{ 74 - Running without Doker with Headless mode: true	Browser Type: chrome }
 07-05-2021 20:39:58  BaseTest.java INFO  [main] tests.BaseTest 
{ 80 - == opening url }
 07-05-2021 20:40:01  SearchTest.java INFO  [main] tests.BaseTest 
{ 67 - ----- Valid scenario : Search Modification by changing date (clicking next) }
 07-05-2021 20:40:03  CommonFunctions.java INFO  [main] Utils.CommonFunctions 
{ 48 - Bus Ticket Link was clicked! }
 07-05-2021 20:40:06  CommonFunctions.java INFO  [main] Utils.CommonFunctions 
{ 52 - From Location was entered }
 07-05-2021 20:40:08  CommonFunctions.java INFO  [main] Utils.CommonFunctions 
{ 56 - To Location was entered }
 07-05-2021 20:40:08  CommonFunctions.java INFO  [main] Utils.CommonFunctions 
{ 60 - Date is selected }
 07-05-2021 20:40:10  CommonFunctions.java INFO  [main] Utils.CommonFunctions 
{ 64 - Search Button is clicked }
 07-05-2021 20:40:10  SearchTest.java INFO  [main] tests.BaseTest 
{ 90 - Clicked on next date to modify date }
 07-05-2021 20:40:10  SearchTest.java INFO  [main] tests.BaseTest 
{ 96 - User is on search page }
 07-05-2021 20:40:10  SearchTest.java INFO  [main] tests.BaseTest 
{ 99 - ----- Successfully completed Valid scenario : Search Modification by changing date (clicking next) }
]]></system-out>
    <system-err><![CDATA[Starting ChromeDriver 91.0.4472.101 (af52a90bf87030dd1523486a1cd3ae25c5d76c9b-refs/branch-heads/4472@{#1462}) on port 28662
Only local connections are allowed.
Please see https://chromedriver.chromium.org/security-considerations for suggestions on keeping ChromeDriver safe.
ChromeDriver was started successfully.
Jul 05, 2021 8:39:58 PM org.openqa.selenium.remote.ProtocolHandshake createSession
INFO: Detected dialect: W3C
]]></system-err>
  </testcase>
  <testcase name="SearchModifyByLocation" classname="tests.SearchTest" time="15.897">
    <system-out><![CDATA[ 07-05-2021 20:40:10  BaseTest.java INFO  [main] tests.BaseTest 
{ 109 - ================= Closing Driver ================= }
 07-05-2021 20:40:11  BaseTest.java INFO  [main] tests.BaseTest 
{ 118 - == closed! }
 07-05-2021 20:40:11  BaseTest.java INFO  [main] tests.BaseTest 
{ 65 - ================= Setting Driver ================= }
 07-05-2021 20:40:11  BaseTest.java INFO  [main] tests.BaseTest 
{ 74 - Running without Doker with Headless mode: true	Browser Type: chrome }
 07-05-2021 20:40:12  BaseTest.java INFO  [main] tests.BaseTest 
{ 80 - == opening url }
 07-05-2021 20:40:13  SearchTest.java INFO  [main] tests.BaseTest 
{ 107 - ----- Valid scenario : Search Modification by changing destination location }
 07-05-2021 20:40:16  CommonFunctions.java INFO  [main] Utils.CommonFunctions 
{ 48 - Bus Ticket Link was clicked! }
 07-05-2021 20:40:18  CommonFunctions.java INFO  [main] Utils.CommonFunctions 
{ 52 - From Location was entered }
 07-05-2021 20:40:21  CommonFunctions.java INFO  [main] Utils.CommonFunctions 
{ 56 - To Location was entered }
 07-05-2021 20:40:21  CommonFunctions.java INFO  [main] Utils.CommonFunctions 
{ 60 - Date is selected }
 07-05-2021 20:40:23  CommonFunctions.java INFO  [main] Utils.CommonFunctions 
{ 64 - Search Button is clicked }
 07-05-2021 20:40:23  SearchTest.java INFO  [main] tests.BaseTest 
{ 130 - Clicked on modify button }
 07-05-2021 20:40:24  SearchTest.java INFO  [main] tests.BaseTest 
{ 134 - Destination location changed }
 07-05-2021 20:40:29  SearchTest.java INFO  [main] tests.BaseTest 
{ 138 - Search Button is clicked }
 07-05-2021 20:40:29  SearchTest.java INFO  [main] tests.BaseTest 
{ 144 - User is on search page }
 07-05-2021 20:40:29  SearchTest.java INFO  [main] tests.BaseTest 
{ 147 - ----- Successfully completed Valid scenario : Search Modification by changing destination location }
]]></system-out>
    <system-err><![CDATA[Starting ChromeDriver 91.0.4472.101 (af52a90bf87030dd1523486a1cd3ae25c5d76c9b-refs/branch-heads/4472@{#1462}) on port 38952
Only local connections are allowed.
Please see https://chromedriver.chromium.org/security-considerations for suggestions on keeping ChromeDriver safe.
ChromeDriver was started successfully.
Jul 05, 2021 8:40:12 PM org.openqa.selenium.remote.ProtocolHandshake createSession
INFO: Detected dialect: W3C
]]></system-err>
  </testcase>
  <testcase name="SearchModifyBySwipingLocation" classname="tests.SearchTest" time="14.21">
    <system-out><![CDATA[ 07-05-2021 20:40:29  BaseTest.java INFO  [main] tests.BaseTest 
{ 109 - ================= Closing Driver ================= }
 07-05-2021 20:40:30  BaseTest.java INFO  [main] tests.BaseTest 
{ 118 - == closed! }
 07-05-2021 20:40:30  BaseTest.java INFO  [main] tests.BaseTest 
{ 65 - ================= Setting Driver ================= }
 07-05-2021 20:40:30  BaseTest.java INFO  [main] tests.BaseTest 
{ 74 - Running without Doker with Headless mode: true	Browser Type: chrome }
 07-05-2021 20:40:31  BaseTest.java INFO  [main] tests.BaseTest 
{ 80 - == opening url }
 07-05-2021 20:40:32  SearchTest.java INFO  [main] tests.BaseTest 
{ 155 - ----- Valid scenario : Search Modification by swiping location }
 07-05-2021 20:40:35  CommonFunctions.java INFO  [main] Utils.CommonFunctions 
{ 48 - Bus Ticket Link was clicked! }
 07-05-2021 20:40:37  CommonFunctions.java INFO  [main] Utils.CommonFunctions 
{ 52 - From Location was entered }
 07-05-2021 20:40:39  CommonFunctions.java INFO  [main] Utils.CommonFunctions 
{ 56 - To Location was entered }
 07-05-2021 20:40:39  CommonFunctions.java INFO  [main] Utils.CommonFunctions 
{ 60 - Date is selected }
 07-05-2021 20:40:41  CommonFunctions.java INFO  [main] Utils.CommonFunctions 
{ 64 - Search Button is clicked }
 07-05-2021 20:40:41  SearchTest.java INFO  [main] tests.BaseTest 
{ 178 - Clicked on modify button }
 07-05-2021 20:40:41  SearchTest.java INFO  [main] tests.BaseTest 
{ 182 - Swipe button is clicked }
 07-05-2021 20:40:47  SearchTest.java INFO  [main] tests.BaseTest 
{ 186 - Search Button is clicked }
 07-05-2021 20:40:47  SearchTest.java INFO  [main] tests.BaseTest 
{ 192 - User is on search page }
 07-05-2021 20:40:47  SearchTest.java INFO  [main] tests.BaseTest 
{ 195 - ----- Successfully completed Valid scenario : Search Modification by swiping location }
]]></system-out>
    <system-err><![CDATA[Starting ChromeDriver 91.0.4472.101 (af52a90bf87030dd1523486a1cd3ae25c5d76c9b-refs/branch-heads/4472@{#1462}) on port 2973
Only local connections are allowed.
Please see https://chromedriver.chromium.org/security-considerations for suggestions on keeping ChromeDriver safe.
ChromeDriver was started successfully.
Jul 05, 2021 8:40:31 PM org.openqa.selenium.remote.ProtocolHandshake createSession
INFO: Detected dialect: W3C
]]></system-err>
  </testcase>
</testsuite>